<?xml version="1.0" encoding="UTF-8"?>
<!-- Generated by org.testng.reporters.JUnitReportReporter -->
<testsuite skipped="0" hostname="DESKTOP-598O4S4" name="gov.uk.check.visa.testsuites.VisaConfirmationTest" tests="3" failures="0" timestamp="2022-12-16T13:35:30 GMT" time="19.758" errors="0">
  <testcase name="aChileanComingToTheUKForWorkAndPlansOnStayingForLongerThanSixMonths" time="10.497" classname="gov.uk.check.visa.testsuites.VisaConfirmationTest"/>
  <system-out>
    <![CDATA[click on start button[[ChromeDriver: chrome on WINDOWS (2d11a8732d72552bb565954453e08023)] -> xpath: //body/div[@id='wrapper']/div[1]/main[1]/div[2]/div[1]/article[1]/section[1]/a[1]]
Select Nationality [[ChromeDriver: chrome on WINDOWS (2d11a8732d72552bb565954453e08023)] -> xpath: //select[@id='response']]
click on Continue[[ChromeDriver: chrome on WINDOWS (2d11a8732d72552bb565954453e08023)] -> xpath: //button[contains(text(),'Continue')]]
Reason for visit :Work, academic visit or business[[ChromeDriver: chrome on WINDOWS (2d11a8732d72552bb565954453e08023)] -> xpath: //button[contains(text(),'Continue')]]
click on continue[[ChromeDriver: chrome on WINDOWS (2d11a8732d72552bb565954453e08023)] -> xpath: //button[contains(text(),'Continue')]]
click on continue[[ChromeDriver: chrome on WINDOWS (2d11a8732d72552bb565954453e08023)] -> xpath: //button[contains(text(),'Continue')]]
Select job Type :Health and care professional[[ChromeDriver: chrome on WINDOWS (2d11a8732d72552bb565954453e08023)] -> xpath: //button[contains(text(),'Continue')]]
click on continue[[ChromeDriver: chrome on WINDOWS (2d11a8732d72552bb565954453e08023)] -> xpath: //button[contains(text(),'Continue')]]
Click to see screenshot
<a target = "_blank" href=C:\Users\hvtha\home-office-visa-check-week15-practice/test-output/html/aChileanComingToTheUKForWorkAndPlansOnStayingForLongerThanSixMonthsFri_Dec_16_13_35_20_GMT_2022.jpg>Screenshot</a>
<br>
<br>
<a target = "_blank" href=C:\Users\hvtha\home-office-visa-check-week15-practice/test-output/html/aChileanComingToTheUKForWorkAndPlansOnStayingForLongerThanSixMonthsFri_Dec_16_13_35_20_GMT_2022.jpg><img src=C:\Users\hvtha\home-office-visa-check-week15-practice/test-output/html/aChileanComingToTheUKForWorkAndPlansOnStayingForLongerThanSixMonthsFri_Dec_16_13_35_20_GMT_2022.jpg height=200 width=200></img></a>]]>
  </system-out>
  <testcase name="aColumbianNationalComingToTheUKToJoinAPartnerForALongStayTheyDoHaveAnArticle10Or20Card" time="4.090" classname="gov.uk.check.visa.testsuites.VisaConfirmationTest"/>
  <system-out>
    <![CDATA[click on start button[[ChromeDriver: chrome on WINDOWS (e45009345249b0b0a3b93f50d21f8bed)] -> xpath: //body/div[@id='wrapper']/div[1]/main[1]/div[2]/div[1]/article[1]/section[1]/a[1]]
Select Nationality [[ChromeDriver: chrome on WINDOWS (e45009345249b0b0a3b93f50d21f8bed)] -> xpath: //select[@id='response']]
click on Continue[[ChromeDriver: chrome on WINDOWS (e45009345249b0b0a3b93f50d21f8bed)] -> xpath: //button[contains(text(),'Continue')]]
Reason for visit :Join partner or family for a long stay[[ChromeDriver: chrome on WINDOWS (e45009345249b0b0a3b93f50d21f8bed)] -> xpath: //button[contains(text(),'Continue')]]
click on continue[[ChromeDriver: chrome on WINDOWS (e45009345249b0b0a3b93f50d21f8bed)] -> xpath: //button[contains(text(),'Continue')]]
click on continue[[ChromeDriver: chrome on WINDOWS (e45009345249b0b0a3b93f50d21f8bed)] -> xpath: //button[contains(text(),'Continue')]]
Click to see screenshot
<a target = "_blank" href=C:\Users\hvtha\home-office-visa-check-week15-practice/test-output/html/aColumbianNationalComingToTheUKToJoinAPartnerForALongStayTheyDoHaveAnArticle10Or20CardFri_Dec_16_13_35_25_GMT_2022.jpg>Screenshot</a>
<br>
<br>
<a target = "_blank" href=C:\Users\hvtha\home-office-visa-check-week15-practice/test-output/html/aColumbianNationalComingToTheUKToJoinAPartnerForALongStayTheyDoHaveAnArticle10Or20CardFri_Dec_16_13_35_25_GMT_2022.jpg><img src=C:\Users\hvtha\home-office-visa-check-week15-practice/test-output/html/aColumbianNationalComingToTheUKToJoinAPartnerForALongStayTheyDoHaveAnArticle10Or20CardFri_Dec_16_13_35_25_GMT_2022.jpg height=200 width=200></img></a>]]>
  </system-out>
  <testcase name="anAustralianCominToUKForTourism" time="5.171" classname="gov.uk.check.visa.testsuites.VisaConfirmationTest"/>
  <system-out>
    <![CDATA[click on start button[[ChromeDriver: chrome on WINDOWS (0ab335e53c3548750034f1e4f3174f70)] -> xpath: //body/div[@id='wrapper']/div[1]/main[1]/div[2]/div[1]/article[1]/section[1]/a[1]]
Select Nationality [[ChromeDriver: chrome on WINDOWS (0ab335e53c3548750034f1e4f3174f70)] -> xpath: //select[@id='response']]
click on Continue[[ChromeDriver: chrome on WINDOWS (0ab335e53c3548750034f1e4f3174f70)] -> xpath: //button[contains(text(),'Continue')]]
Reason for visit :Tourism or visiting family and friends[[ChromeDriver: chrome on WINDOWS (0ab335e53c3548750034f1e4f3174f70)] -> xpath: //button[contains(text(),'Continue')]]
click on continue[[ChromeDriver: chrome on WINDOWS (0ab335e53c3548750034f1e4f3174f70)] -> xpath: //button[contains(text(),'Continue')]]
Click to see screenshot
<a target = "_blank" href=C:\Users\hvtha\home-office-visa-check-week15-practice/test-output/html/anAustralianCominToUKForTourismFri_Dec_16_13_35_28_GMT_2022.jpg>Screenshot</a>
<br>
<br>
<a target = "_blank" href=C:\Users\hvtha\home-office-visa-check-week15-practice/test-output/html/anAustralianCominToUKForTourismFri_Dec_16_13_35_28_GMT_2022.jpg><img src=C:\Users\hvtha\home-office-visa-check-week15-practice/test-output/html/anAustralianCominToUKForTourismFri_Dec_16_13_35_28_GMT_2022.jpg height=200 width=200></img></a>]]>
  </system-out>
</testsuite> <!-- gov.uk.check.visa.testsuites.VisaConfirmationTest -->
